[0.016s] Invoking command in '/home/ros2/dog_robot_ws/src/dog-robot-ros2/build/dog_robot': CMAKE_PREFIX_PATH=${CMAKE_PREFIX_PATH}:/opt/ros/jazzy DEBUGINFOD_URLS=https://debuginfod.ubuntu.com /usr/bin/cmake /home/ros2/dog_robot_ws/src/dog-robot-ros2 -DCMAKE_INSTALL_PREFIX=/home/ros2/dog_robot_ws/src/dog-robot-ros2/install/dog_robot
[0.044s] -- Found ament_cmake: 2.5.2 (/opt/ros/jazzy/share/ament_cmake/cmake)
[0.275s] -- Found rclcpp: 28.1.5 (/opt/ros/jazzy/share/rclcpp/cmake)
[0.316s] -- Found rosidl_generator_c: 4.6.4 (/opt/ros/jazzy/share/rosidl_generator_c/cmake)
[0.327s] -- Found rosidl_generator_cpp: 4.6.4 (/opt/ros/jazzy/share/rosidl_generator_cpp/cmake)
[0.340s] -- Using all available rosidl_typesupport_c: rosidl_typesupport_fastrtps_c;rosidl_typesupport_introspection_c
[0.356s] -- Using all available rosidl_typesupport_cpp: rosidl_typesupport_fastrtps_cpp;rosidl_typesupport_introspection_cpp
[0.430s] -- Found rmw_implementation_cmake: 7.3.1 (/opt/ros/jazzy/share/rmw_implementation_cmake/cmake)
[0.432s] -- Found rmw_fastrtps_cpp: 8.4.1 (/opt/ros/jazzy/share/rmw_fastrtps_cpp/cmake)
[0.504s] -- Using RMW implementation 'rmw_fastrtps_cpp' as default
[0.579s] -- Found turtlesim: 1.8.3 (/opt/ros/jazzy/share/turtlesim/cmake)
[0.730s] -- Configuring done (0.7s)
[0.746s] -- Generating done (0.0s)
[0.749s] -- Build files have been written to: /home/ros2/dog_robot_ws/src/dog-robot-ros2/build/dog_robot
[0.756s] Invoked command in '/home/ros2/dog_robot_ws/src/dog-robot-ros2/build/dog_robot' returned '0': CMAKE_PREFIX_PATH=${CMAKE_PREFIX_PATH}:/opt/ros/jazzy DEBUGINFOD_URLS=https://debuginfod.ubuntu.com /usr/bin/cmake /home/ros2/dog_robot_ws/src/dog-robot-ros2 -DCMAKE_INSTALL_PREFIX=/home/ros2/dog_robot_ws/src/dog-robot-ros2/install/dog_robot
[0.758s] Invoking command in '/home/ros2/dog_robot_ws/src/dog-robot-ros2/build/dog_robot': CMAKE_PREFIX_PATH=${CMAKE_PREFIX_PATH}:/opt/ros/jazzy DEBUGINFOD_URLS=https://debuginfod.ubuntu.com /usr/bin/cmake --build /home/ros2/dog_robot_ws/src/dog-robot-ros2/build/dog_robot -- -j4 -l4
[0.806s] [ 33%] [32mBuilding CXX object CMakeFiles/environment_test.dir/src/main.cpp.o[0m
[0.807s] [ 66%] [32mBuilding CXX object CMakeFiles/environment_test.dir/src/Environment.cpp.o[0m
[0.943s] In file included from [01m[K/home/ros2/dog_robot_ws/src/dog-robot-ros2/src/Environment.cpp:1[m[K:
[0.943s] [01m[K/home/ros2/dog_robot_ws/src/dog-robot-ros2/include/Environment.h:1:[m[K [01;31m[Kerror: [m[Kunterminated #ifndef
[0.943s]     1 | #ifndef ENVIRONMENT_H
[0.944s]       | 
[1.091s] In file included from [01m[K/home/ros2/dog_robot_ws/src/dog-robot-ros2/src/main.cpp:2[m[K:
[1.091s] [01m[K/home/ros2/dog_robot_ws/src/dog-robot-ros2/include/Environment.h:1:[m[K [01;31m[Kerror: [m[Kunterminated #ifndef
[1.091s]     1 | #ifndef ENVIRONMENT_H
[1.091s]       | 
[1.366s] [01m[K/home/ros2/dog_robot_ws/src/dog-robot-ros2/include/Environment.h:18:9:[m[K [01;31m[Kerror: [m[Kâ€˜[01m[Krclcpp[m[Kâ€™ does not name a type
[1.366s]    18 |         [01;31m[Krclcpp[m[K::Node::SharedPtr node_; //Ros2 node
[1.366s]       |         [01;31m[K^~~~~~[m[K
[1.369s] [01m[K/home/ros2/dog_robot_ws/src/dog-robot-ros2/include/Environment.h:19:20:[m[K [01;31m[Kerror: [m[Kâ€˜[01m[Krclcpp[m[Kâ€™ was not declared in this scope
[1.370s]    19 |         shared_ptr<[01;31m[Krclcpp[m[K::Client<turtlesim::srv::SetPen>> pen_client_; //Set pen client
[1.370s]       |                    [01;31m[K^~~~~~[m[K
[1.370s] [01m[K/home/ros2/dog_robot_ws/src/dog-robot-ros2/include/Environment.h:19:57:[m[K [01;31m[Kerror: [m[Ktemplate argument 1 is invalid
[1.370s]    19 |         shared_ptr<rclcpp::Client<turtlesim::srv::SetPen[01;31m[K>>[m[K pen_client_; //Set pen client
[1.370s]       |                                                         [01;31m[K^~[m[K
[1.370s] [01m[K/home/ros2/dog_robot_ws/src/dog-robot-ros2/include/Environment.h:24:21:[m[K [01;31m[Kerror: [m[Kâ€˜[01m[Krclcpp[m[Kâ€™ has not been declared
[1.370s]    24 |         Environment([01;31m[Krclcpp[m[K::Node::SharedPtr node);
[1.370s]       |                     [01;31m[K^~~~~~[m[K
[1.370s] [01m[K/home/ros2/dog_robot_ws/src/dog-robot-ros2/include/Environment.h:24:44:[m[K [01;31m[Kerror: [m[Kexpected â€˜[01m[K)[m[Kâ€™ before â€˜[01m[Knode[m[Kâ€™
[1.370s]    24 |         Environment[34m[K([m[Krclcpp::Node::SharedPtr[01;31m[K [m[K[32m[Knode[m[K);
[1.370s]       |                    [34m[K~[m[K                       [01;31m[K^[m[K[32m[K~~~~[m[K
[1.370s]       |                                            [32m[K)[m[K
[1.370s] [01m[K/home/ros2/dog_robot_ws/src/dog-robot-ros2/include/Environment.h:47:21:[m[K [01;31m[Kerror: [m[Kâ€˜[01m[Krclcpp[m[Kâ€™ has not been declared
[1.370s]    47 |     RectangularRoom([01;31m[Krclcpp[m[K::Node::SharedPtr node);
[1.370s]       |                     [01;31m[K^~~~~~[m[K
[1.370s] [01m[K/home/ros2/dog_robot_ws/src/dog-robot-ros2/include/Environment.h:47:44:[m[K [01;31m[Kerror: [m[Kexpected â€˜[01m[K)[m[Kâ€™ before â€˜[01m[Knode[m[Kâ€™
[1.371s]    47 |     RectangularRoom[34m[K([m[Krclcpp::Node::SharedPtr[01;31m[K [m[K[32m[Knode[m[K);
[1.371s]       |                    [34m[K~[m[K                       [01;31m[K^[m[K[32m[K~~~~[m[K
[1.371s]       |                                            [32m[K)[m[K
[1.371s] [01m[K/home/ros2/dog_robot_ws/src/dog-robot-ros2/src/Environment.cpp:8:25:[m[K [01;31m[Kerror: [m[Kexpected constructor, destructor, or type conversion before â€˜[01m[K([m[Kâ€™ token
[1.371s]     8 | Environment::Environment[01;31m[K([m[Krclcpp::Node::SharedPtr node) : node_(node) {
[1.371s]       |                         [01;31m[K^[m[K
[1.371s] [01m[K/home/ros2/dog_robot_ws/src/dog-robot-ros2/src/Environment.cpp:13:6:[m[K [01;31m[Kerror: [m[Kno declaration matches â€˜[01m[Kvoid Environment::[01;32m[KsetExit[m[K(double, double, std::string&)[m[Kâ€™
[1.371s]    13 | void [01;31m[KEnvironment[m[K::setExit(double x,double y, string& direction){
[1.371s]       |      [01;31m[K^~~~~~~~~~~[m[K
[1.371s] [01m[K/home/ros2/dog_robot_ws/src/dog-robot-ros2/include/Environment.h:30:22:[m[K [01;36m[Knote: [m[Kcandidate is: â€˜[01m[Kvirtual void Environment::[01;32m[KsetExit[m[K(double, double, const std::string&)[m[Kâ€™
[1.371s]    30 |         virtual void [01;36m[KsetExit[m[K(double x, double y, const string& direction);
[1.371s]       |                      [01;36m[K^~~~~~~[m[K
[1.371s] [01m[K/home/ros2/dog_robot_ws/src/dog-robot-ros2/include/Environment.h:15:7:[m[K [01;36m[Knote: [m[Kâ€˜[01m[Kclass Environment[m[Kâ€™ defined here
[1.371s]    15 | class [01;36m[KEnvironment[m[K
[1.371s]       |       [01;36m[K^~~~~~~~~~~[m[K
[1.373s] [01m[K/home/ros2/dog_robot_ws/src/dog-robot-ros2/src/Environment.cpp:[m[K In member function â€˜[01m[Kvoid Environment::[01;32m[KdrawLine[m[K(Point, Point)[m[Kâ€™:
[1.373s] [01m[K/home/ros2/dog_robot_ws/src/dog-robot-ros2/src/Environment.cpp:22:28:[m[K [01;31m[Kerror: [m[Kâ€˜[01m[Knode_[m[Kâ€™ was not declared in this scope; did you mean â€˜[01m[Kmode_t[m[Kâ€™?
[1.373s]    22 |     auto teleport_client = [01;31m[Knode_[m[K->create_client<turtlesim::srv::TeleportAbsolute>("/turtle1/teleport_absolute");
[1.373s]       |                            [01;31m[K^~~~~[m[K
[1.373s]       |                            [32m[Kmode_t[m[K
[1.373s] [01m[K/home/ros2/dog_robot_ws/src/dog-robot-ros2/src/Environment.cpp:22:81:[m[K [01;31m[Kerror: [m[Kexpected primary-expression before â€˜[01m[K>[m[Kâ€™ token
[1.373s]    22 |     auto teleport_client = node_->create_client<turtlesim::srv::TeleportAbsolute[01;31m[K>[m[K("/turtle1/teleport_absolute");
[1.374s]       |                                                                                 [01;31m[K^[m[K
[1.379s] [01m[K/home/ros2/dog_robot_ws/src/dog-robot-ros2/src/Environment.cpp:30:31:[m[K [01;31m[Kerror: [m[Kâ€˜[01m[Katan2[m[Kâ€™ was not declared in this scope
[1.379s]    30 |     teleport_request->theta = [01;31m[Katan2[m[K(end.y - start.y, end.x - start.x);
[1.379s]       |                               [01;31m[K^~~~~[m[K
[1.379s] [01m[K/home/ros2/dog_robot_ws/src/dog-robot-ros2/src/Environment.cpp:33:9:[m[K [01;31m[Kerror: [m[Kâ€˜[01m[Krclcpp[m[Kâ€™ has not been declared
[1.379s]    33 |     if ([01;31m[Krclcpp[m[K::spin_until_future_complete(node_, result) != rclcpp::FutureReturnCode::SUCCESS) {
[1.379s]       |         [01;31m[K^~~~~~[m[K
[1.379s] [01m[K/home/ros2/dog_robot_ws/src/dog-robot-ros2/src/Environment.cpp:33:62:[m[K [01;31m[Kerror: [m[Kâ€˜[01m[Krclcpp[m[Kâ€™ has not been declared
[1.379s]    33 |     if (rclcpp::spin_until_future_complete(node_, result) != [01;31m[Krclcpp[m[K::FutureReturnCode::SUCCESS) {
[1.379s]       |                                                              [01;31m[K^~~~~~[m[K
[1.380s] [01m[K/home/ros2/dog_robot_ws/src/dog-robot-ros2/src/Environment.cpp:43:9:[m[K [01;31m[Kerror: [m[Kâ€˜[01m[Krclcpp[m[Kâ€™ has not been declared
[1.380s]    43 |     if ([01;31m[Krclcpp[m[K::spin_until_future_complete(node_, result) != rclcpp::FutureReturnCode::SUCCESS) {
[1.380s]       |         [01;31m[K^~~~~~[m[K
[1.380s] [01m[K/home/ros2/dog_robot_ws/src/dog-robot-ros2/src/Environment.cpp:43:62:[m[K [01;31m[Kerror: [m[Kâ€˜[01m[Krclcpp[m[Kâ€™ has not been declared
[1.380s]    43 |     if (rclcpp::spin_until_future_complete(node_, result) != [01;31m[Krclcpp[m[K::FutureReturnCode::SUCCESS) {
[1.380s]       |                                                              [01;31m[K^~~~~~[m[K
[1.380s] [01m[K/home/ros2/dog_robot_ws/src/dog-robot-ros2/src/Environment.cpp:[m[K At global scope:
[1.380s] [01m[K/home/ros2/dog_robot_ws/src/dog-robot-ros2/src/Environment.cpp:51:33:[m[K [01;31m[Kerror: [m[Kexpected constructor, destructor, or type conversion before â€˜[01m[K([m[Kâ€™ token
[1.380s]    51 | RectangularRoom::RectangularRoom[01;31m[K([m[Krclcpp::Node::SharedPtr node) : Environment(node) {}
[1.380s]       |                                 [01;31m[K^[m[K
[1.383s] [01m[K/home/ros2/dog_robot_ws/src/dog-robot-ros2/src/Environment.cpp:[m[K In member function â€˜[01m[Kvirtual void RectangularRoom::[01;32m[KdrawWalls[m[K()[m[Kâ€™:
[1.383s] [01m[K/home/ros2/dog_robot_ws/src/dog-robot-ros2/src/Environment.cpp:65:17:[m[K [01;31m[Kerror: [m[Kâ€˜[01m[Knode_[m[Kâ€™ was not declared in this scope; did you mean â€˜[01m[Kmode_t[m[Kâ€™?
[1.383s]    65 |     RCLCPP_INFO([01;31m[Knode_[m[K->get_logger(), "Room walls drawn successfully");
[1.383s]       |                 [01;31m[K^~~~~[m[K
[1.383s]       |                 [32m[Kmode_t[m[K
[1.387s] [01m[K/home/ros2/dog_robot_ws/src/dog-robot-ros2/src/Environment.cpp:65:5:[m[K [01;31m[Kerror: [m[Kâ€˜[01m[KRCLCPP_INFO[m[Kâ€™ was not declared in this scope
[1.387s]    65 |     [01;31m[KRCLCPP_INFO[m[K(node_->get_logger(), "Room walls drawn successfully");
[1.387s]       |     [01;31m[K^~~~~~~~~~~[m[K
[1.389s] [01m[K/home/ros2/dog_robot_ws/src/dog-robot-ros2/src/Environment.cpp:[m[K In member function â€˜[01m[Kvoid Environment::[01;32m[KsetPen[m[K(bool)[m[Kâ€™:
[1.389s] [01m[K/home/ros2/dog_robot_ws/src/dog-robot-ros2/src/Environment.cpp:86:30:[m[K [01;31m[Kerror: [m[Kbase operand of â€˜[01m[K->[m[Kâ€™ is not a pointer
[1.389s]    86 |     auto result = pen_client_[01;31m[K->[m[Kasync_send_request(request);
[1.389s]       |                              [01;31m[K^~[m[K
[1.389s] [01m[K/home/ros2/dog_robot_ws/src/dog-robot-ros2/src/Environment.cpp:89:9:[m[K [01;31m[Kerror: [m[Kâ€˜[01m[Krclcpp[m[Kâ€™ has not been declared
[1.389s]    89 |     if ([01;31m[Krclcpp[m[K::spin_until_future_complete(node_, result) != rclcpp::FutureReturnCode::SUCCESS) {
[1.389s]       |         [01;31m[K^~~~~~[m[K
[1.392s] [01m[K/home/ros2/dog_robot_ws/src/dog-robot-ros2/src/Environment.cpp:89:44:[m[K [01;31m[Kerror: [m[Kâ€˜[01m[Knode_[m[Kâ€™ was not declared in this scope; did you mean â€˜[01m[Kmode_t[m[Kâ€™?
[1.392s]    89 |     if (rclcpp::spin_until_future_complete([01;31m[Knode_[m[K, result) != rclcpp::FutureReturnCode::SUCCESS) {
[1.392s]       |                                            [01;31m[K^~~~~[m[K
[1.392s]       |                                            [32m[Kmode_t[m[K
[1.392s] [01m[K/home/ros2/dog_robot_ws/src/dog-robot-ros2/src/Environment.cpp:89:62:[m[K [01;31m[Kerror: [m[Kâ€˜[01m[Krclcpp[m[Kâ€™ has not been declared
[1.392s]    89 |     if (rclcpp::spin_until_future_complete(node_, result) != [01;31m[Krclcpp[m[K::FutureReturnCode::SUCCESS) {
[1.392s]       |                                                              [01;31m[K^~~~~~[m[K
[1.480s] gmake[2]: *** [CMakeFiles/environment_test.dir/build.make:90: CMakeFiles/environment_test.dir/src/Environment.cpp.o] Error 1
[1.480s] gmake[2]: *** Waiting for unfinished jobs....
[3.964s] gmake[2]: *** [CMakeFiles/environment_test.dir/build.make:76: CMakeFiles/environment_test.dir/src/main.cpp.o] Error 1
[3.964s] gmake[1]: *** [CMakeFiles/Makefile2:137: CMakeFiles/environment_test.dir/all] Error 2
[3.965s] gmake: *** [Makefile:146: all] Error 2
[3.969s] Invoked command in '/home/ros2/dog_robot_ws/src/dog-robot-ros2/build/dog_robot' returned '2': CMAKE_PREFIX_PATH=${CMAKE_PREFIX_PATH}:/opt/ros/jazzy DEBUGINFOD_URLS=https://debuginfod.ubuntu.com /usr/bin/cmake --build /home/ros2/dog_robot_ws/src/dog-robot-ros2/build/dog_robot -- -j4 -l4
